<?xml version="1.0" encoding="UTF-8"?>
<!-- Generated by org.testng.reporters.JUnitXMLReporter -->
<testsuite ignored="0" hostname="sanjay" failures="4" tests="4" name="Edge Tests" time="13.37" errors="0" timestamp="2025-07-13T21:02:04 IST">
  <testcase classname="io.cucumber.testng.AbstractTestNGCucumberTests" name="runScenario" time="4.368">
    <failure type="java.lang.IllegalArgumentException" message="Locator not found: header.search">
      <![CDATA[java.lang.IllegalArgumentException: Locator not found: header.search
at com.framework.pages.BasePage.lambda$getLocator$1(BasePage.java:52)
at java.base/java.util.Optional.orElseThrow(Optional.java:403)
at com.framework.pages.BasePage.getLocator(BasePage.java:52)
at com.framework.pages.BasePage.getElement(BasePage.java:73)
at com.framework.sample.kpnfresh.pages.HomePage.search(HomePage.java:13)
at com.framework.sample.kpnfresh.stepdefs.HomePageSteps.iSearchFor(HomePageSteps.java:25)
at ✽.I search for "selenium automation"(file:///D:/TestGenie/selenium-framework-core/src/test/resources/features/kpnfresh/homepage.feature:11)
]]>
    </failure>
  </testcase> <!-- runScenario -->
  <testcase classname="io.cucumber.testng.AbstractTestNGCucumberTests" name="runScenario" time="2.737">
    <failure type="java.lang.IllegalArgumentException" message="Locator not found: header.search">
      <![CDATA[java.lang.IllegalArgumentException: Locator not found: header.search
at com.framework.pages.BasePage.lambda$getLocator$1(BasePage.java:52)
at java.base/java.util.Optional.orElseThrow(Optional.java:403)
at com.framework.pages.BasePage.getLocator(BasePage.java:52)
at com.framework.pages.BasePage.getElement(BasePage.java:73)
at com.framework.sample.kpnfresh.pages.HomePage.search(HomePage.java:13)
at com.framework.sample.kpnfresh.stepdefs.HomePageSteps.iSearchFor(HomePageSteps.java:25)
at ✽.I search for "java testing"(file:///D:/TestGenie/selenium-framework-core/src/test/resources/features/kpnfresh/homepage.feature:17)
]]>
    </failure>
  </testcase> <!-- runScenario -->
  <testcase classname="io.cucumber.testng.AbstractTestNGCucumberTests" name="runScenario" time="2.376">
    <failure type="java.lang.IllegalArgumentException" message="Locator not found: header.search">
      <![CDATA[java.lang.IllegalArgumentException: Locator not found: header.search
at com.framework.pages.BasePage.lambda$getLocator$1(BasePage.java:52)
at java.base/java.util.Optional.orElseThrow(Optional.java:403)
at com.framework.pages.BasePage.getLocator(BasePage.java:52)
at com.framework.pages.BasePage.getElement(BasePage.java:73)
at com.framework.sample.kpnfresh.pages.HomePage.search(HomePage.java:13)
at com.framework.sample.kpnfresh.stepdefs.HomePageSteps.iSearchFor(HomePageSteps.java:25)
at ✽.I search for "web automation"(file:///D:/TestGenie/selenium-framework-core/src/test/resources/features/kpnfresh/homepage.feature:17)
]]>
    </failure>
  </testcase> <!-- runScenario -->
  <testcase classname="io.cucumber.testng.AbstractTestNGCucumberTests" name="runScenario" time="2.993">
    <failure type="java.lang.IllegalArgumentException" message="Locator not found: header.search">
      <![CDATA[java.lang.IllegalArgumentException: Locator not found: header.search
at com.framework.pages.BasePage.lambda$getLocator$1(BasePage.java:52)
at java.base/java.util.Optional.orElseThrow(Optional.java:403)
at com.framework.pages.BasePage.getLocator(BasePage.java:52)
at com.framework.pages.BasePage.getElement(BasePage.java:73)
at com.framework.sample.kpnfresh.pages.HomePage.search(HomePage.java:13)
at com.framework.sample.kpnfresh.stepdefs.HomePageSteps.iSearchFor(HomePageSteps.java:25)
at ✽.I search for "cucumber bdd"(file:///D:/TestGenie/selenium-framework-core/src/test/resources/features/kpnfresh/homepage.feature:17)
]]>
    </failure>
  </testcase> <!-- runScenario -->
</testsuite> <!-- Edge Tests -->
